c:\users\bit\desktop\client\client\debug\client.pch
c:\users\bit\desktop\client\client\debug\vc142.pdb
c:\users\bit\desktop\client\client\debug\vc142.idb
c:\users\bit\desktop\client\client\debug\pch.obj
c:\users\bit\desktop\client\client\debug\logmanager.obj
c:\users\bit\desktop\client\client\debug\clientdlg.obj
c:\users\bit\desktop\client\client\debug\client.obj
c:\users\bit\desktop\client\client\debug\connectsocket.obj
c:\users\bit\desktop\client\client\debug\client.ilk
c:\users\bit\desktop\client\debug\client.exe
c:\users\bit\desktop\client\debug\client.pdb
c:\users\bit\desktop\client\client\debug\client.res
c:\users\bit\desktop\client\client\debug\client.tlog\cl.command.1.tlog
c:\users\bit\desktop\client\client\debug\client.tlog\cl.read.1.tlog
c:\users\bit\desktop\client\client\debug\client.tlog\cl.write.1.tlog
c:\users\bit\desktop\client\client\debug\client.tlog\link.command.1.tlog
c:\users\bit\desktop\client\client\debug\client.tlog\link.read.1.tlog
c:\users\bit\desktop\client\client\debug\client.tlog\link.write.1.tlog
c:\users\bit\desktop\client\client\debug\client.tlog\rc.command.1.tlog
c:\users\bit\desktop\client\client\debug\client.tlog\rc.read.1.tlog
c:\users\bit\desktop\client\client\debug\client.tlog\rc.write.1.tlog
