c:\users\bit\desktop\연습\server\server\debug\server.pch
c:\users\bit\desktop\연습\server\server\debug\vc142.pdb
c:\users\bit\desktop\연습\server\server\debug\vc142.idb
c:\users\bit\desktop\연습\server\server\debug\pch.obj
c:\users\bit\desktop\연습\server\server\debug\serverdlg.obj
c:\users\bit\desktop\연습\server\server\debug\listensocket.obj
c:\users\bit\desktop\연습\server\server\debug\server.obj
c:\users\bit\desktop\연습\server\server\debug\clientsocket.obj
c:\users\bit\desktop\tcp_ip\_myserver\server\debug\server.pch
c:\users\bit\desktop\tcp_ip\_myserver\server\debug\vc142.pdb
c:\users\bit\desktop\tcp_ip\_myserver\server\debug\vc142.idb
c:\users\bit\desktop\tcp_ip\_myserver\server\debug\pch.obj
c:\users\bit\desktop\tcp_ip\_myserver\server\debug\serverdlg.obj
c:\users\bit\desktop\tcp_ip\_myserver\server\debug\server.obj
c:\users\bit\desktop\tcp_ip\_myserver\server\debug\logmanager.obj
c:\users\bit\desktop\tcp_ip\_myserver\server\debug\listensocket.obj
c:\users\bit\desktop\tcp_ip\_myserver\server\debug\clientsocket.obj
c:\users\bit\desktop\tcp_ip\_myserver - 복사본\server\debug\server.pch
c:\users\bit\desktop\tcp_ip\_myserver - 복사본\server\debug\vc142.pdb
c:\users\bit\desktop\tcp_ip\_myserver - 복사본\server\debug\vc142.idb
c:\users\bit\desktop\tcp_ip\_myserver - 복사본\server\debug\pch.obj
c:\users\bit\desktop\tcp_ip\_myserver - 복사본\server\debug\serverdlg.obj
c:\users\bit\desktop\tcp_ip\_myserver - 복사본\server\debug\server.obj
c:\users\bit\desktop\tcp_ip\_myserver - 복사본\server\debug\logmanager.obj
c:\users\bit\desktop\tcp_ip\_myserver - 복사본\server\debug\listensocket.obj
c:\users\bit\desktop\tcp_ip\_myserver - 복사본\server\debug\clientsocket.obj
c:\users\bit\desktop\_myserver1\server\debug\server.pch
c:\users\bit\desktop\_myserver1\server\debug\vc142.pdb
c:\users\bit\desktop\_myserver1\server\debug\vc142.idb
c:\users\bit\desktop\_myserver1\server\debug\pch.obj
c:\users\bit\desktop\_myserver1\server\debug\logmanager.obj
c:\users\bit\desktop\_myserver1\server\debug\listensocket.obj
c:\users\bit\desktop\_myserver1\server\debug\clientsocket.obj
c:\users\bit\desktop\_myserver1\server\debug\server.obj
c:\users\bit\desktop\연습\server\debug\server.exe
c:\users\bit\desktop\연습\server\server\debug\server.ilk
c:\users\bit\desktop\연습\server\debug\server.pdb
c:\users\bit\desktop\tcp_ip\_myserver\debug\server.exe
c:\users\bit\desktop\tcp_ip\_myserver\server\debug\server.ilk
c:\users\bit\desktop\tcp_ip\_myserver\debug\server.pdb
c:\users\bit\desktop\tcp_ip\_myserver - 복사본\debug\server.exe
c:\users\bit\desktop\tcp_ip\_myserver - 복사본\server\debug\server.ilk
c:\users\bit\desktop\tcp_ip\_myserver - 복사본\debug\server.pdb
c:\users\bit\desktop\연습\server\server\debug\server.res
c:\users\bit\desktop\tcp_ip\_myserver\server\debug\server.res
c:\users\bit\desktop\tcp_ip\_myserver - 복사본\server\debug\server.res
c:\users\bit\desktop\_myserver1\server\debug\serverdlg.obj
c:\users\bit\desktop\_myserver1\server\debug\server.ilk
c:\users\bit\desktop\_myserver1\server\debug\server.res
c:\users\bit\desktop\_myserver1\debug\server.pdb
c:\users\bit\desktop\_myserver1\debug\server.exe
c:\users\bit\desktop\_myserver1\server\debug\server.tlog\cl.command.1.tlog
c:\users\bit\desktop\_myserver1\server\debug\server.tlog\cl.read.1.tlog
c:\users\bit\desktop\_myserver1\server\debug\server.tlog\cl.write.1.tlog
c:\users\bit\desktop\_myserver1\server\debug\server.tlog\link.command.1.tlog
c:\users\bit\desktop\_myserver1\server\debug\server.tlog\link.read.1.tlog
c:\users\bit\desktop\_myserver1\server\debug\server.tlog\link.write.1.tlog
c:\users\bit\desktop\_myserver1\server\debug\server.tlog\rc.command.1.tlog
c:\users\bit\desktop\_myserver1\server\debug\server.tlog\rc.read.1.tlog
c:\users\bit\desktop\_myserver1\server\debug\server.tlog\rc.write.1.tlog
